<?xml version="1.0" encoding="UTF-8"?>
<testsuite xmlns:xsi="http://www.w3.org/2001/XMLSchema-instance" xsi:noNamespaceSchemaLocation="https://maven.apache.org/surefire/maven-surefire-plugin/xsd/surefire-test-report-3.0.xsd" version="3.0" name="TestSuite" time="233.043" tests="14" errors="0" skipped="0" failures="0">
  <properties>
    <property name="java.specification.version" value="14"/>
    <property name="webdriver.chrome.driver" value="C:\Users\Anielaczki\eclipse-workspace\HM\src\main\java\Resources\chromedriver.exe"/>
    <property name="sun.cpu.isalist" value="amd64"/>
    <property name="sun.jnu.encoding" value="Cp1250"/>
    <property name="java.class.path" value="C:\Users\Anielaczki\eclipse-workspace\HM\target\test-classes;C:\Users\Anielaczki\eclipse-workspace\HM\target\classes;C:\Users\Anielaczki\.m2\repository\org\apache\poi\poi\4.1.2\poi-4.1.2.jar;C:\Users\Anielaczki\.m2\repository\commons-codec\commons-codec\1.13\commons-codec-1.13.jar;C:\Users\Anielaczki\.m2\repository\org\apache\commons\commons-collections4\4.4\commons-collections4-4.4.jar;C:\Users\Anielaczki\.m2\repository\org\apache\commons\commons-math3\3.6.1\commons-math3-3.6.1.jar;C:\Users\Anielaczki\.m2\repository\com\zaxxer\SparseBitSet\1.2\SparseBitSet-1.2.jar;C:\Users\Anielaczki\.m2\repository\org\apache\poi\poi-ooxml\4.1.2\poi-ooxml-4.1.2.jar;C:\Users\Anielaczki\.m2\repository\org\apache\poi\poi-ooxml-schemas\4.1.2\poi-ooxml-schemas-4.1.2.jar;C:\Users\Anielaczki\.m2\repository\org\apache\xmlbeans\xmlbeans\3.1.0\xmlbeans-3.1.0.jar;C:\Users\Anielaczki\.m2\repository\org\apache\commons\commons-compress\1.19\commons-compress-1.19.jar;C:\Users\Anielaczki\.m2\repository\com\github\virtuald\curvesapi\1.06\curvesapi-1.06.jar;C:\Users\Anielaczki\.m2\repository\com\aventstack\extentreports\4.1.7\extentreports-4.1.7.jar;C:\Users\Anielaczki\.m2\repository\org\freemarker\freemarker\2.3.29\freemarker-2.3.29.jar;C:\Users\Anielaczki\.m2\repository\org\apache\httpcomponents\httpclient\4.5.2\httpclient-4.5.2.jar;C:\Users\Anielaczki\.m2\repository\org\apache\httpcomponents\httpcore\4.4.4\httpcore-4.4.4.jar;C:\Users\Anielaczki\.m2\repository\commons-logging\commons-logging\1.2\commons-logging-1.2.jar;C:\Users\Anielaczki\.m2\repository\org\apache\httpcomponents\httpmime\4.5.2\httpmime-4.5.2.jar;C:\Users\Anielaczki\.m2\repository\com\google\code\gson\gson\2.8.6\gson-2.8.6.jar;C:\Users\Anielaczki\.m2\repository\org\mongodb\mongodb-driver\3.12.0\mongodb-driver-3.12.0.jar;C:\Users\Anielaczki\.m2\repository\org\mongodb\mongodb-driver-core\3.12.0\mongodb-driver-core-3.12.0.jar;C:\Users\Anielaczki\.m2\repository\org\mongodb\bson\3.12.0\bson-3.12.0.jar;C:\Users\Anielaczki\.m2\repository\commons-io\commons-io\2.6\commons-io-2.6.jar;C:\Users\Anielaczki\.m2\repository\org\seleniumhq\selenium\selenium-server\3.141.59\selenium-server-3.141.59.jar;C:\Users\Anielaczki\.m2\repository\org\seleniumhq\selenium\selenium-java\3.141.59\selenium-java-3.141.59.jar;C:\Users\Anielaczki\.m2\repository\org\seleniumhq\selenium\selenium-api\3.141.59\selenium-api-3.141.59.jar;C:\Users\Anielaczki\.m2\repository\org\seleniumhq\selenium\selenium-chrome-driver\3.141.59\selenium-chrome-driver-3.141.59.jar;C:\Users\Anielaczki\.m2\repository\org\seleniumhq\selenium\selenium-edge-driver\3.141.59\selenium-edge-driver-3.141.59.jar;C:\Users\Anielaczki\.m2\repository\org\seleniumhq\selenium\selenium-firefox-driver\3.141.59\selenium-firefox-driver-3.141.59.jar;C:\Users\Anielaczki\.m2\repository\org\seleniumhq\selenium\selenium-ie-driver\3.141.59\selenium-ie-driver-3.141.59.jar;C:\Users\Anielaczki\.m2\repository\org\seleniumhq\selenium\selenium-opera-driver\3.141.59\selenium-opera-driver-3.141.59.jar;C:\Users\Anielaczki\.m2\repository\org\seleniumhq\selenium\selenium-remote-driver\3.141.59\selenium-remote-driver-3.141.59.jar;C:\Users\Anielaczki\.m2\repository\org\seleniumhq\selenium\selenium-safari-driver\3.141.59\selenium-safari-driver-3.141.59.jar;C:\Users\Anielaczki\.m2\repository\org\seleniumhq\selenium\selenium-support\3.141.59\selenium-support-3.141.59.jar;C:\Users\Anielaczki\.m2\repository\com\beust\jcommander\1.72\jcommander-1.72.jar;C:\Users\Anielaczki\.m2\repository\net\bytebuddy\byte-buddy\1.8.15\byte-buddy-1.8.15.jar;C:\Users\Anielaczki\.m2\repository\org\apache\commons\commons-exec\1.3\commons-exec-1.3.jar;C:\Users\Anielaczki\.m2\repository\com\google\guava\guava\25.0-jre\guava-25.0-jre.jar;C:\Users\Anielaczki\.m2\repository\com\google\code\findbugs\jsr305\1.3.9\jsr305-1.3.9.jar;C:\Users\Anielaczki\.m2\repository\org\checkerframework\checker-compat-qual\2.0.0\checker-compat-qual-2.0.0.jar;C:\Users\Anielaczki\.m2\repository\com\google\errorprone\error_prone_annotations\2.1.3\error_prone_annotations-2.1.3.jar;C:\Users\Anielaczki\.m2\repository\com\google\j2objc\j2objc-annotations\1.1\j2objc-annotations-1.1.jar;C:\Users\Anielaczki\.m2\repository\org\codehaus\mojo\animal-sniffer-annotations\1.14\animal-sniffer-annotations-1.14.jar;C:\Users\Anielaczki\.m2\repository\net\jcip\jcip-annotations\1.0\jcip-annotations-1.0.jar;C:\Users\Anielaczki\.m2\repository\org\seleniumhq\selenium\jetty-repacked\9.4.12.v20180830\jetty-repacked-9.4.12.v20180830.jar;C:\Users\Anielaczki\.m2\repository\com\squareup\okhttp3\okhttp\3.11.0\okhttp-3.11.0.jar;C:\Users\Anielaczki\.m2\repository\com\squareup\okio\okio\1.14.0\okio-1.14.0.jar;C:\Users\Anielaczki\.m2\repository\javax\servlet\javax.servlet-api\3.1.0\javax.servlet-api-3.1.0.jar;C:\Users\Anielaczki\.m2\repository\org\yaml\snakeyaml\1.19\snakeyaml-1.19.jar;C:\Users\Anielaczki\.m2\repository\org\testng\testng\7.1.0\testng-7.1.0.jar;C:\Users\Anielaczki\.m2\repository\com\google\inject\guice\4.1.0\guice-4.1.0-no_aop.jar;C:\Users\Anielaczki\.m2\repository\javax\inject\javax.inject\1\javax.inject-1.jar;C:\Users\Anielaczki\.m2\repository\aopalliance\aopalliance\1.0\aopalliance-1.0.jar;"/>
    <property name="java.vm.vendor" value="Oracle Corporation"/>
    <property name="sun.arch.data.model" value="64"/>
    <property name="user.variant" value=""/>
    <property name="java.vendor.url" value="https://java.oracle.com/"/>
    <property name="user.timezone" value="Europe/Warsaw"/>
    <property name="os.name" value="Windows 7"/>
    <property name="java.vm.specification.version" value="14"/>
    <property name="sun.java.launcher" value="SUN_STANDARD"/>
    <property name="user.country" value="PL"/>
    <property name="sun.boot.library.path" value="C:\Program Files\Java\jdk-14.0.1\bin"/>
    <property name="sun.java.command" value="C:\Users\Anielaczki\AppData\Local\Temp\surefire6629881251719374706\surefirebooter9148667314834940886.jar C:\Users\Anielaczki\AppData\Local\Temp\surefire6629881251719374706 2020-08-05T13-46-17_139-jvmRun1 surefire9057038010300474391tmp surefire_018308056129353323799tmp"/>
    <property name="jdk.debug" value="release"/>
    <property name="surefire.test.class.path" value="C:\Users\Anielaczki\eclipse-workspace\HM\target\test-classes;C:\Users\Anielaczki\eclipse-workspace\HM\target\classes;C:\Users\Anielaczki\.m2\repository\org\apache\poi\poi\4.1.2\poi-4.1.2.jar;C:\Users\Anielaczki\.m2\repository\commons-codec\commons-codec\1.13\commons-codec-1.13.jar;C:\Users\Anielaczki\.m2\repository\org\apache\commons\commons-collections4\4.4\commons-collections4-4.4.jar;C:\Users\Anielaczki\.m2\repository\org\apache\commons\commons-math3\3.6.1\commons-math3-3.6.1.jar;C:\Users\Anielaczki\.m2\repository\com\zaxxer\SparseBitSet\1.2\SparseBitSet-1.2.jar;C:\Users\Anielaczki\.m2\repository\org\apache\poi\poi-ooxml\4.1.2\poi-ooxml-4.1.2.jar;C:\Users\Anielaczki\.m2\repository\org\apache\poi\poi-ooxml-schemas\4.1.2\poi-ooxml-schemas-4.1.2.jar;C:\Users\Anielaczki\.m2\repository\org\apache\xmlbeans\xmlbeans\3.1.0\xmlbeans-3.1.0.jar;C:\Users\Anielaczki\.m2\repository\org\apache\commons\commons-compress\1.19\commons-compress-1.19.jar;C:\Users\Anielaczki\.m2\repository\com\github\virtuald\curvesapi\1.06\curvesapi-1.06.jar;C:\Users\Anielaczki\.m2\repository\com\aventstack\extentreports\4.1.7\extentreports-4.1.7.jar;C:\Users\Anielaczki\.m2\repository\org\freemarker\freemarker\2.3.29\freemarker-2.3.29.jar;C:\Users\Anielaczki\.m2\repository\org\apache\httpcomponents\httpclient\4.5.2\httpclient-4.5.2.jar;C:\Users\Anielaczki\.m2\repository\org\apache\httpcomponents\httpcore\4.4.4\httpcore-4.4.4.jar;C:\Users\Anielaczki\.m2\repository\commons-logging\commons-logging\1.2\commons-logging-1.2.jar;C:\Users\Anielaczki\.m2\repository\org\apache\httpcomponents\httpmime\4.5.2\httpmime-4.5.2.jar;C:\Users\Anielaczki\.m2\repository\com\google\code\gson\gson\2.8.6\gson-2.8.6.jar;C:\Users\Anielaczki\.m2\repository\org\mongodb\mongodb-driver\3.12.0\mongodb-driver-3.12.0.jar;C:\Users\Anielaczki\.m2\repository\org\mongodb\mongodb-driver-core\3.12.0\mongodb-driver-core-3.12.0.jar;C:\Users\Anielaczki\.m2\repository\org\mongodb\bson\3.12.0\bson-3.12.0.jar;C:\Users\Anielaczki\.m2\repository\commons-io\commons-io\2.6\commons-io-2.6.jar;C:\Users\Anielaczki\.m2\repository\org\seleniumhq\selenium\selenium-server\3.141.59\selenium-server-3.141.59.jar;C:\Users\Anielaczki\.m2\repository\org\seleniumhq\selenium\selenium-java\3.141.59\selenium-java-3.141.59.jar;C:\Users\Anielaczki\.m2\repository\org\seleniumhq\selenium\selenium-api\3.141.59\selenium-api-3.141.59.jar;C:\Users\Anielaczki\.m2\repository\org\seleniumhq\selenium\selenium-chrome-driver\3.141.59\selenium-chrome-driver-3.141.59.jar;C:\Users\Anielaczki\.m2\repository\org\seleniumhq\selenium\selenium-edge-driver\3.141.59\selenium-edge-driver-3.141.59.jar;C:\Users\Anielaczki\.m2\repository\org\seleniumhq\selenium\selenium-firefox-driver\3.141.59\selenium-firefox-driver-3.141.59.jar;C:\Users\Anielaczki\.m2\repository\org\seleniumhq\selenium\selenium-ie-driver\3.141.59\selenium-ie-driver-3.141.59.jar;C:\Users\Anielaczki\.m2\repository\org\seleniumhq\selenium\selenium-opera-driver\3.141.59\selenium-opera-driver-3.141.59.jar;C:\Users\Anielaczki\.m2\repository\org\seleniumhq\selenium\selenium-remote-driver\3.141.59\selenium-remote-driver-3.141.59.jar;C:\Users\Anielaczki\.m2\repository\org\seleniumhq\selenium\selenium-safari-driver\3.141.59\selenium-safari-driver-3.141.59.jar;C:\Users\Anielaczki\.m2\repository\org\seleniumhq\selenium\selenium-support\3.141.59\selenium-support-3.141.59.jar;C:\Users\Anielaczki\.m2\repository\com\beust\jcommander\1.72\jcommander-1.72.jar;C:\Users\Anielaczki\.m2\repository\net\bytebuddy\byte-buddy\1.8.15\byte-buddy-1.8.15.jar;C:\Users\Anielaczki\.m2\repository\org\apache\commons\commons-exec\1.3\commons-exec-1.3.jar;C:\Users\Anielaczki\.m2\repository\com\google\guava\guava\25.0-jre\guava-25.0-jre.jar;C:\Users\Anielaczki\.m2\repository\com\google\code\findbugs\jsr305\1.3.9\jsr305-1.3.9.jar;C:\Users\Anielaczki\.m2\repository\org\checkerframework\checker-compat-qual\2.0.0\checker-compat-qual-2.0.0.jar;C:\Users\Anielaczki\.m2\repository\com\google\errorprone\error_prone_annotations\2.1.3\error_prone_annotations-2.1.3.jar;C:\Users\Anielaczki\.m2\repository\com\google\j2objc\j2objc-annotations\1.1\j2objc-annotations-1.1.jar;C:\Users\Anielaczki\.m2\repository\org\codehaus\mojo\animal-sniffer-annotations\1.14\animal-sniffer-annotations-1.14.jar;C:\Users\Anielaczki\.m2\repository\net\jcip\jcip-annotations\1.0\jcip-annotations-1.0.jar;C:\Users\Anielaczki\.m2\repository\org\seleniumhq\selenium\jetty-repacked\9.4.12.v20180830\jetty-repacked-9.4.12.v20180830.jar;C:\Users\Anielaczki\.m2\repository\com\squareup\okhttp3\okhttp\3.11.0\okhttp-3.11.0.jar;C:\Users\Anielaczki\.m2\repository\com\squareup\okio\okio\1.14.0\okio-1.14.0.jar;C:\Users\Anielaczki\.m2\repository\javax\servlet\javax.servlet-api\3.1.0\javax.servlet-api-3.1.0.jar;C:\Users\Anielaczki\.m2\repository\org\yaml\snakeyaml\1.19\snakeyaml-1.19.jar;C:\Users\Anielaczki\.m2\repository\org\testng\testng\7.1.0\testng-7.1.0.jar;C:\Users\Anielaczki\.m2\repository\com\google\inject\guice\4.1.0\guice-4.1.0-no_aop.jar;C:\Users\Anielaczki\.m2\repository\javax\inject\javax.inject\1\javax.inject-1.jar;C:\Users\Anielaczki\.m2\repository\aopalliance\aopalliance\1.0\aopalliance-1.0.jar;"/>
    <property name="sun.cpu.endian" value="little"/>
    <property name="user.home" value="C:\Users\Anielaczki"/>
    <property name="user.language" value="pl"/>
    <property name="java.specification.vendor" value="Oracle Corporation"/>
    <property name="java.version.date" value="2020-04-14"/>
    <property name="java.home" value="C:\Program Files\Java\jdk-14.0.1"/>
    <property name="file.separator" value="\"/>
    <property name="basedir" value="C:\Users\Anielaczki\eclipse-workspace\HM"/>
    <property name="java.vm.compressedOopsMode" value="32-bit"/>
    <property name="line.separator" value="&#10;"/>
    <property name="java.vm.specification.vendor" value="Oracle Corporation"/>
    <property name="java.specification.name" value="Java Platform API Specification"/>
    <property name="surefire.real.class.path" value="C:\Users\Anielaczki\AppData\Local\Temp\surefire6629881251719374706\surefirebooter9148667314834940886.jar"/>
    <property name="user.script" value=""/>
    <property name="sun.management.compiler" value="HotSpot 64-Bit Tiered Compilers"/>
    <property name="java.runtime.version" value="14.0.1+7"/>
    <property name="user.name" value="Anielaczki"/>
    <property name="path.separator" value=";"/>
    <property name="os.version" value="6.1"/>
    <property name="java.runtime.name" value="Java(TM) SE Runtime Environment"/>
    <property name="file.encoding" value="Cp1250"/>
    <property name="browser" value="chrome"/>
    <property name="java.vm.name" value="Java HotSpot(TM) 64-Bit Server VM"/>
    <property name="localRepository" value="C:\Users\Anielaczki\.m2\repository"/>
    <property name="java.vendor.url.bug" value="https://bugreport.java.com/bugreport/"/>
    <property name="java.io.tmpdir" value="C:\Users\ANIELA~1\AppData\Local\Temp\"/>
    <property name="java.version" value="14.0.1"/>
    <property name="user.dir" value="C:\Users\Anielaczki\eclipse-workspace\HM"/>
    <property name="os.arch" value="amd64"/>
    <property name="java.vm.specification.name" value="Java Virtual Machine Specification"/>
    <property name="sun.os.patch.level" value="Service Pack 1"/>
    <property name="java.library.path" value="C:\Program Files\Java\jdk-14.0.1\bin;C:\Windows\Sun\Java\bin;C:\Windows\system32;C:\Windows;C:\Windows\system32;C:\Windows;C:\Windows\System32\wbem;C:\Users\Anielaczki\eclipse-workspace\apache-maven-3.6.3\bin;C:\Program Files (x86)\Java\jre1.8.0_66\bin;C:\Program Files\Java\jdk-14.0.1\bin;C:\Program Files\Git\cmd;."/>
    <property name="java.vm.info" value="mixed mode, sharing"/>
    <property name="java.vendor" value="Oracle Corporation"/>
    <property name="java.vm.version" value="14.0.1+7"/>
    <property name="sun.io.unicode.encoding" value="UnicodeLittle"/>
    <property name="java.class.version" value="58.0"/>
  </properties>
  <testcase name="TC1" classname="Tests.MainPageTest" time="4.51">
    <system-err><![CDATA[Starting ChromeDriver 81.0.4044.138 (8c6c7ba89cc9453625af54f11fd83179e23450fa-refs/branch-heads/4044@{#999}) on port 37442
Only local connections are allowed.
Please protect ports used by ChromeDriver and related test frameworks to prevent access by malicious code.
sie 05, 2020 1:46:23 PM org.openqa.selenium.remote.ProtocolHandshake createSession
INFO: Detected dialect: W3C
[1596627985.118][SEVERE]: Timed out receiving message from renderer: 0.100
[1596627985.219][SEVERE]: Timed out receiving message from renderer: 0.100
[1596627985.322][SEVERE]: Timed out receiving message from renderer: 0.100
[1596627985.423][SEVERE]: Timed out receiving message from renderer: 0.100
[1596627985.599][SEVERE]: Timed out receiving message from renderer: 0.100
[1596627985.701][SEVERE]: Timed out receiving message from renderer: 0.100
[1596627985.802][SEVERE]: Timed out receiving message from renderer: 0.100
[1596627985.904][SEVERE]: Timed out receiving message from renderer: 0.100
[1596627986.006][SEVERE]: Timed out receiving message from renderer: 0.100
[1596627986.157][SEVERE]: Timed out receiving message from renderer: 0.100
[1596627986.259][SEVERE]: Timed out receiving message from renderer: 0.100
[1596627986.362][SEVERE]: Timed out receiving message from renderer: 0.100
[1596627986.464][SEVERE]: Timed out receiving message from renderer: 0.100
[1596627986.566][SEVERE]: Timed out receiving message from renderer: 0.100
[1596627986.667][SEVERE]: Timed out receiving message from renderer: 0.100
[1596627986.770][SEVERE]: Timed out receiving message from renderer: 0.100
[1596627986.872][SEVERE]: Timed out receiving message from renderer: 0.100
[1596627986.973][SEVERE]: Timed out receiving message from renderer: 0.100
[1596627987.759][SEVERE]: Timed out receiving message from renderer: 0.100
]]></system-err>
  </testcase>
  <testcase name="TC2" classname="Tests.MainPageTest" time="11.004">
    <system-err><![CDATA[[1596627994.922][SEVERE]: Timed out receiving message from renderer: 0.100
[1596627995.024][SEVERE]: Timed out receiving message from renderer: 0.100
[1596627995.127][SEVERE]: Timed out receiving message from renderer: 0.100
[1596627997.640][SEVERE]: Timed out receiving message from renderer: 0.100
[1596627997.795][SEVERE]: Timed out receiving message from renderer: 0.100
[1596627997.898][SEVERE]: Timed out receiving message from renderer: 0.100
[1596627998.443][SEVERE]: Timed out receiving message from renderer: 0.100
[1596627998.546][SEVERE]: Timed out receiving message from renderer: 0.100
[1596627998.648][SEVERE]: Timed out receiving message from renderer: 0.100
[1596627998.749][SEVERE]: Timed out receiving message from renderer: 0.100
[1596627998.853][SEVERE]: Timed out receiving message from renderer: 0.100
[1596627999.114][SEVERE]: Timed out receiving message from renderer: 0.100
[1596627999.217][SEVERE]: Timed out receiving message from renderer: 0.100
[1596627999.319][SEVERE]: Timed out receiving message from renderer: 0.100
[1596627999.421][SEVERE]: Timed out receiving message from renderer: 0.100
[1596627999.567][SEVERE]: Timed out receiving message from renderer: 0.100
[1596627999.724][SEVERE]: Timed out receiving message from renderer: 0.100
[1596628000.882][SEVERE]: Timed out receiving message from renderer: 0.100
]]></system-err>
  </testcase>
  <testcase name="TC3[buty](1)" classname="Tests.MainPageTest" time="11.266">
    <system-err><![CDATA[[1596628006.587][SEVERE]: Timed out receiving message from renderer: 0.100
[1596628006.912][SEVERE]: Timed out receiving message from renderer: 0.100
[1596628007.054][SEVERE]: Timed out receiving message from renderer: 0.100
]]></system-err>
  </testcase>
  <testcase name="TC3[top](2)" classname="Tests.MainPageTest" time="9.135"/>
  <testcase name="TC3[kapelusz](3)" classname="Tests.MainPageTest" time="11.228">
    <system-err><![CDATA[[1596628030.200][SEVERE]: Timed out receiving message from renderer: 0.100
]]></system-err>
  </testcase>
  <testcase name="TC4[buty](1)" classname="Tests.MainPageTest" time="16.887">
    <system-err><![CDATA[[1596628036.945][SEVERE]: Timed out receiving message from renderer: 0.100
[1596628037.048][SEVERE]: Timed out receiving message from renderer: 0.100
]]></system-err>
  </testcase>
  <testcase name="TC4[top](2)" classname="Tests.MainPageTest" time="18.724">
    <system-err><![CDATA[[1596628065.971][SEVERE]: Timed out receiving message from renderer: 0.100
[1596628066.073][SEVERE]: Timed out receiving message from renderer: 0.100
]]></system-err>
  </testcase>
  <testcase name="TC4[kapelusz](3)" classname="Tests.MainPageTest" time="26.096">
    <system-err><![CDATA[[1596628072.456][SEVERE]: Timed out receiving message from renderer: 0.100
[1596628072.565][SEVERE]: Timed out receiving message from renderer: 0.100
[1596628072.666][SEVERE]: Timed out receiving message from renderer: 0.100
[1596628072.768][SEVERE]: Timed out receiving message from renderer: 0.100
[1596628072.870][SEVERE]: Timed out receiving message from renderer: 0.100
[1596628072.974][SEVERE]: Timed out receiving message from renderer: 0.100
[1596628073.075][SEVERE]: Timed out receiving message from renderer: 0.100
[1596628073.177][SEVERE]: Timed out receiving message from renderer: 0.100
[1596628073.280][SEVERE]: Timed out receiving message from renderer: 0.100
[1596628073.382][SEVERE]: Timed out receiving message from renderer: 0.100
[1596628073.484][SEVERE]: Timed out receiving message from renderer: 0.100
[1596628073.587][SEVERE]: Timed out receiving message from renderer: 0.100
[1596628073.690][SEVERE]: Timed out receiving message from renderer: 0.100
[1596628073.793][SEVERE]: Timed out receiving message from renderer: 0.100
[1596628073.895][SEVERE]: Timed out receiving message from renderer: 0.100
[1596628073.997][SEVERE]: Timed out receiving message from renderer: 0.100
[1596628074.099][SEVERE]: Timed out receiving message from renderer: 0.100
[1596628074.200][SEVERE]: Timed out receiving message from renderer: 0.100
[1596628074.302][SEVERE]: Timed out receiving message from renderer: 0.100
[1596628074.405][SEVERE]: Timed out receiving message from renderer: 0.100
[1596628074.507][SEVERE]: Timed out receiving message from renderer: 0.100
[1596628074.610][SEVERE]: Timed out receiving message from renderer: 0.100
[1596628074.720][SEVERE]: Timed out receiving message from renderer: 0.100
[1596628074.823][SEVERE]: Timed out receiving message from renderer: 0.100
]]></system-err>
  </testcase>
  <testcase name="TC5[@@@@, BRAK PASUJĄCYCH PRODUKTÓW](1)" classname="Tests.MainPageTest" time="17.11"/>
  <testcase name="TC5[^^^^, BRAK PASUJĄCYCH PRODUKTÓW](2)" classname="Tests.MainPageTest" time="11.773">
    <system-err><![CDATA[[1596628115.288][SEVERE]: Timed out receiving message from renderer: 0.100
[1596628115.392][SEVERE]: Timed out receiving message from renderer: 0.100
[1596628115.493][SEVERE]: Timed out receiving message from renderer: 0.100
[1596628115.595][SEVERE]: Timed out receiving message from renderer: 0.100
[1596628115.697][SEVERE]: Timed out receiving message from renderer: 0.100
[1596628115.801][SEVERE]: Timed out receiving message from renderer: 0.100
[1596628121.497][SEVERE]: Timed out receiving message from renderer: 0.100
[1596628121.880][SEVERE]: Timed out receiving message from renderer: 0.100
[1596628122.081][SEVERE]: Timed out receiving message from renderer: 0.100
]]></system-err>
  </testcase>
  <testcase name="TC5[%%%%, BRAK PASUJĄCYCH PRODUKTÓW](3)" classname="Tests.MainPageTest" time="16.508">
    <system-err><![CDATA[[1596628128.040][SEVERE]: Timed out receiving message from renderer: 0.100
]]></system-err>
  </testcase>
  <testcase name="TC6" classname="Tests.MainPageTest" time="42.466"/>
  <testcase name="TC7" classname="Tests.MainPageTest" time="13.334">
    <system-err><![CDATA[[1596628192.539][SEVERE]: Timed out receiving message from renderer: 0.100
[1596628193.307][SEVERE]: Timed out receiving message from renderer: 0.100
]]></system-err>
  </testcase>
  <testcase name="TC8" classname="Tests.MainPageTest" time="10.317"/>
</testsuite>