<?xml version="1.0" encoding="UTF-8"?>
<!-- Generated by org.testng.reporters.JUnitReportReporter -->
<testsuite hostname="Anielaczki-PC" failures="0" tests="1" name="AllegroE2E.MainTest" time="0.009" errors="0" timestamp="2020-07-13T22:44:20 CEST" skipped="0">
  <testcase classname="AllegroE2E.MainTest" name="TC1" time="0.009"/>
  <system-out/>
</testsuite> <!-- AllegroE2E.MainTest -->
