<?xml version="1.0" encoding="UTF-8"?>
<!-- Generated by org.testng.reporters.JUnitReportReporter -->
<testsuite hostname="Anielaczki-PC" failures="0" tests="14" name="HM.MainPageTest" time="154.124" errors="0" timestamp="2020-08-03T20:43:27 CEST" skipped="0">
  <testcase classname="HM.MainPageTest" name="TC2" time="12.443"/>
  <system-out/>
  <testcase classname="HM.MainPageTest" name="TC3" time="8.412"/>
  <system-out/>
  <testcase classname="HM.MainPageTest" name="TC4" time="7.607"/>
  <system-out/>
  <testcase classname="HM.MainPageTest" name="TC5" time="5.614"/>
  <system-out/>
  <testcase classname="HM.MainPageTest" name="TC4" time="5.966"/>
  <system-out/>
  <testcase classname="HM.MainPageTest" name="TC8" time="5.572"/>
  <system-out/>
  <testcase classname="HM.MainPageTest" name="TC6" time="52.932"/>
  <system-out/>
  <testcase classname="HM.MainPageTest" name="TC7" time="17.605"/>
  <system-out/>
  <testcase classname="HM.MainPageTest" name="TC5" time="4.796"/>
  <system-out/>
  <testcase classname="HM.MainPageTest" name="TC5" time="5.597"/>
  <system-out/>
  <testcase classname="HM.MainPageTest" name="TC3" time="7.321"/>
  <system-out/>
  <testcase classname="HM.MainPageTest" name="TC4" time="7.575"/>
  <system-out/>
  <testcase classname="HM.MainPageTest" name="TC3" time="6.472"/>
  <system-out/>
  <testcase classname="HM.MainPageTest" name="TC1" time="6.212"/>
  <system-out/>
</testsuite> <!-- HM.MainPageTest -->
