<?xml version="1.0" encoding="UTF-8"?>
<!-- Generated by org.testng.reporters.JUnitReportReporter -->
<testsuite hostname="Anielaczki-PC" failures="0" tests="14" name="Tests.MainPageTest" time="220.432" errors="0" timestamp="2020-08-05T13:50:11 CEST" skipped="0">
  <testcase classname="Tests.MainPageTest" name="TC3" time="11.248"/>
  <system-out/>
  <testcase classname="Tests.MainPageTest" name="TC5" time="17.236"/>
  <system-out/>
  <testcase classname="Tests.MainPageTest" name="TC5" time="11.696"/>
  <system-out/>
  <testcase classname="Tests.MainPageTest" name="TC7" time="13.318"/>
  <system-out/>
  <testcase classname="Tests.MainPageTest" name="TC8" time="10.332"/>
  <system-out/>
  <testcase classname="Tests.MainPageTest" name="TC5" time="16.579"/>
  <system-out/>
  <testcase classname="Tests.MainPageTest" name="TC2" time="10.973"/>
  <system-out/>
  <testcase classname="Tests.MainPageTest" name="TC4" time="25.978"/>
  <system-out/>
  <testcase classname="Tests.MainPageTest" name="TC6" time="42.471"/>
  <system-out/>
  <testcase classname="Tests.MainPageTest" name="TC3" time="11.185"/>
  <system-out/>
  <testcase classname="Tests.MainPageTest" name="TC3" time="9.178"/>
  <system-out/>
  <testcase classname="Tests.MainPageTest" name="TC4" time="16.913"/>
  <system-out/>
  <testcase classname="Tests.MainPageTest" name="TC4" time="18.727"/>
  <system-out/>
  <testcase classname="Tests.MainPageTest" name="TC1" time="4.598"/>
  <system-out/>
</testsuite> <!-- Tests.MainPageTest -->
